-------------------------------------------------------------------------------
Test set: Runners.TestRunner
-------------------------------------------------------------------------------
Tests run: 2, Failures: 1, Errors: 0, Skipped: 0, Time elapsed: 22.12 s <<< FAILURE! - in Runners.TestRunner
user login with valid credentials(user should be able to login to e-commerce website after registration)  Time elapsed: 11.771 s  <<< FAILURE!
org.junit.ComparisonFailure: expected:<...emo.nopcommerce.com/[login?returnurl=%2F]> but was:<...emo.nopcommerce.com/[]>

